<?xml version="1.0" encoding="UTF-8"?>
<!-- Generated by org.testng.reporters.JUnitReportReporter -->
<testsuite hostname="LAPTOP-C0KD7D2E" name="com.qa.test.TestThree" tests="4" failures="0" timestamp="14 Oct 2018 12:23:54 GMT" time="0.009" errors="0">
  <testcase name="Sum" time="0.002" classname="com.qa.test.TestThree"/>
  <testcase name="Sub2" time="0.002" classname="com.qa.test.TestThree"/>
  <testcase name="Sub" time="0.001" classname="com.qa.test.TestThree"/>
  <testcase name="Sub3" time="0.004" classname="com.qa.test.TestThree"/>
</testsuite> <!-- com.qa.test.TestThree -->
