<?xml version="1.0" encoding="UTF-8"?>
<!-- Generated by org.testng.reporters.JUnitReportReporter -->
<testsuite hostname="LAPTOP-C0KD7D2E" name="com.qa.test.TestMaven" tests="4" failures="0" timestamp="14 Oct 2018 12:23:54 GMT" time="0.025" errors="0">
  <testcase name="Sub" time="0.017" classname="com.qa.test.TestMaven"/>
  <testcase name="Sub2" time="0.002" classname="com.qa.test.TestMaven"/>
  <testcase name="Sub3" time="0.003" classname="com.qa.test.TestMaven"/>
  <testcase name="Sum" time="0.003" classname="com.qa.test.TestMaven"/>
</testsuite> <!-- com.qa.test.TestMaven -->
