<?xml version="1.0" encoding="UTF-8"?>
<!-- Generated by org.testng.reporters.JUnitReportReporter -->
<testsuite hostname="LAPTOP-C0KD7D2E" name="com.qa.test.TestMaven" tests="4" failures="0" timestamp="14 Oct 2018 12:27:02 GMT" time="0.018" errors="0">
  <testcase name="Sub2" time="0.001" classname="com.qa.test.TestMaven"/>
  <testcase name="Sub3" time="0.001" classname="com.qa.test.TestMaven"/>
  <testcase name="Sub" time="0.016" classname="com.qa.test.TestMaven"/>
  <testcase name="Sum" time="0.000" classname="com.qa.test.TestMaven"/>
</testsuite> <!-- com.qa.test.TestMaven -->
